[2026-04-13T07:26:18.669918+00:00] main.INFO: 0 cron jobs were cleaned [] []
[2026-04-13T07:26:18.923542+00:00] main.INFO: Cron Job outdated_authentication_failures_cleanup is run [] []
[2026-04-13T07:26:18.924421+00:00] main.INFO: Cron Job outdated_authentication_failures_cleanup is successfully finished. Statistics: {"sum":0.001093864440918,"count":1,"realmem":0,"emalloc":9048,"realmem_start":208142336,"emalloc_start":192203680} [] []
[2026-04-13T07:26:18.927426+00:00] main.INFO: Cron Job catalog_product_outdated_price_values_cleanup is run [] []
[2026-04-13T07:26:18.927569+00:00] main.INFO: Cron Job catalog_product_outdated_price_values_cleanup is successfully finished. Statistics: {"sum":0.00014209747314453,"count":1,"realmem":0,"emalloc":976,"realmem_start":208142336,"emalloc_start":192303704} [] []
[2026-04-13T07:26:18.930456+00:00] main.INFO: Cron Job catalog_product_frontend_actions_flush is run [] []
[2026-04-13T07:26:18.931518+00:00] main.INFO: Cron Job catalog_product_frontend_actions_flush is successfully finished. Statistics: {"sum":0.0010478496551514,"count":1,"realmem":0,"emalloc":1448,"realmem_start":208142336,"emalloc_start":192329872} [] []
[2026-04-13T07:26:18.936295+00:00] main.INFO: Cron Job sales_grid_order_async_insert is run [] []
[2026-04-13T07:26:18.936462+00:00] main.INFO: Cron Job sales_grid_order_async_insert is successfully finished. Statistics: {"sum":0.00016999244689941,"count":1,"realmem":0,"emalloc":1072,"realmem_start":208142336,"emalloc_start":192536880} [] []
[2026-04-13T07:26:18.939080+00:00] main.INFO: Cron Job sales_grid_order_invoice_async_insert is run [] []
[2026-04-13T07:26:18.939267+00:00] main.INFO: Cron Job sales_grid_order_invoice_async_insert is successfully finished. Statistics: {"sum":0.0001828670501709,"count":1,"realmem":0,"emalloc":1072,"realmem_start":208142336,"emalloc_start":192541376} [] []
[2026-04-13T07:26:18.942683+00:00] main.INFO: Cron Job sales_grid_order_shipment_async_insert is run [] []
[2026-04-13T07:26:18.942921+00:00] main.INFO: Cron Job sales_grid_order_shipment_async_insert is successfully finished. Statistics: {"sum":0.00023698806762695,"count":1,"realmem":0,"emalloc":1072,"realmem_start":208142336,"emalloc_start":192545024} [] []
[2026-04-13T07:26:18.945844+00:00] main.INFO: Cron Job sales_grid_order_creditmemo_async_insert is run [] []
[2026-04-13T07:26:18.946082+00:00] main.INFO: Cron Job sales_grid_order_creditmemo_async_insert is successfully finished. Statistics: {"sum":0.00023007392883301,"count":1,"realmem":0,"emalloc":1072,"realmem_start":208142336,"emalloc_start":192548800} [] []
[2026-04-13T07:26:18.985979+00:00] main.INFO: Cron Job sales_send_order_emails is run [] []
[2026-04-13T07:26:18.986289+00:00] main.INFO: Cron Job sales_send_order_emails is successfully finished. Statistics: {"sum":0.00031089782714844,"count":1,"realmem":0,"emalloc":976,"realmem_start":208142336,"emalloc_start":195072936} [] []
[2026-04-13T07:26:18.996163+00:00] main.INFO: Cron Job sales_send_order_invoice_emails is run [] []
[2026-04-13T07:26:18.996464+00:00] main.INFO: Cron Job sales_send_order_invoice_emails is successfully finished. Statistics: {"sum":0.00030899047851562,"count":1,"realmem":0,"emalloc":1072,"realmem_start":208142336,"emalloc_start":195419552} [] []
[2026-04-13T07:26:19.006308+00:00] main.INFO: Cron Job sales_send_order_shipment_emails is run [] []
[2026-04-13T07:26:19.006694+00:00] main.INFO: Cron Job sales_send_order_shipment_emails is successfully finished. Statistics: {"sum":0.00039315223693848,"count":1,"realmem":0,"emalloc":1072,"realmem_start":208142336,"emalloc_start":195765840} [] []
[2026-04-13T07:26:19.017150+00:00] main.INFO: Cron Job sales_send_order_creditmemo_emails is run [] []
[2026-04-13T07:26:19.017447+00:00] main.INFO: Cron Job sales_send_order_creditmemo_emails is successfully finished. Statistics: {"sum":0.00031399726867676,"count":1,"realmem":0,"emalloc":1072,"realmem_start":208142336,"emalloc_start":196153184} [] []
[2026-04-13T07:26:19.025591+00:00] main.INFO: Cron Job inventory_in_store_pickup_sales_send_order_notified_emails is run [] []
[2026-04-13T07:26:19.025987+00:00] main.INFO: Cron Job inventory_in_store_pickup_sales_send_order_notified_emails is successfully finished. Statistics: {"sum":0.00039219856262207,"count":1,"realmem":0,"emalloc":1072,"realmem_start":208142336,"emalloc_start":196211344} [] []
[2026-04-13T07:26:19.047779+00:00] main.INFO: Cron Job magento_newrelicreporting_cron is run [] []
[2026-04-13T07:26:19.048090+00:00] main.INFO: Cron Job magento_newrelicreporting_cron is successfully finished. Statistics: {"sum":0.00029706954956055,"count":1,"realmem":0,"emalloc":960,"realmem_start":208142336,"emalloc_start":197899544} [] []
[2026-04-13T07:26:19.052291+00:00] main.INFO: Cron Job bulk_cleanup is run [] []
[2026-04-13T07:26:19.052902+00:00] main.INFO: Cron Job bulk_cleanup is successfully finished. Statistics: {"sum":0.00059390068054199,"count":1,"realmem":0,"emalloc":2360,"realmem_start":208142336,"emalloc_start":197906096} [] []
[2026-04-17T10:34:56.600666+00:00] main.INFO: 0 cron jobs were cleaned [] []
[2026-04-17T10:34:56.612249+00:00] main.INFO: 283 cron jobs were cleaned [] []
[2026-04-17T10:34:57.154985+00:00] main.INFO: Cron Job indexer_reindex_all_invalid is run [] []
[2026-04-17T10:34:57.156423+00:00] main.INFO: Cron Job consumers_runner is run [] []
[2026-04-17T10:34:57.179725+00:00] main.INFO: Cron Job indexer_reindex_all_invalid is successfully finished. Statistics: {"sum":0.024938821792603,"count":1,"realmem":2097152,"emalloc":1560304,"realmem_start":92798976,"emalloc_start":88347240} [] []
[2026-04-17T10:34:57.184564+00:00] main.INFO: Cron Job submit_payment_services_order_production_feed is run [] []
[2026-04-17T10:34:57.185347+00:00] main.INFO: Cron Job submit_payment_services_order_production_feed is successfully finished. Statistics: {"sum":0.0011191368103027,"count":1,"realmem":0,"emalloc":29040,"realmem_start":92798976,"emalloc_start":88027488} [] []
[2026-04-17T10:34:57.187755+00:00] main.INFO: Cron Job indexer_update_all_views is run [] []
[2026-04-17T10:34:57.188042+00:00] main.INFO: Cron Job consumers_runner is successfully finished. Statistics: {"sum":0.03176212310791,"count":1,"realmem":0,"emalloc":341808,"realmem_start":92798976,"emalloc_start":89882456} [] []
[2026-04-17T10:34:57.189423+00:00] main.INFO: Cron Job outdated_authentication_failures_cleanup is run [] []
[2026-04-17T10:34:57.190669+00:00] main.INFO: Cron Job outdated_authentication_failures_cleanup is successfully finished. Statistics: {"sum":0.0012860298156738,"count":1,"realmem":0,"emalloc":2672,"realmem_start":92798976,"emalloc_start":89067112} [] []
[2026-04-17T10:34:57.195048+00:00] main.INFO: Cron Job submit_payment_services_order_sandbox_feed is run [] []
[2026-04-17T10:34:57.195363+00:00] main.INFO: Cron Job submit_payment_services_order_sandbox_feed is successfully finished. Statistics: {"sum":0.00032806396484375,"count":1,"realmem":0,"emalloc":1072,"realmem_start":92798976,"emalloc_start":88057304} [] []
[2026-04-17T10:34:57.199291+00:00] main.INFO: Cron Job catalog_product_outdated_price_values_cleanup is run [] []
[2026-04-17T10:34:57.199614+00:00] main.INFO: Cron Job catalog_product_outdated_price_values_cleanup is successfully finished. Statistics: {"sum":0.00031614303588867,"count":1,"realmem":0,"emalloc":976,"realmem_start":92798976,"emalloc_start":89184496} [] []
[2026-04-17T10:34:57.204262+00:00] main.INFO: Cron Job submit_payment_services_order_status_production_feed is run [] []
[2026-04-17T10:34:57.204615+00:00] main.INFO: Cron Job submit_payment_services_order_status_production_feed is successfully finished. Statistics: {"sum":0.00034999847412109,"count":1,"realmem":0,"emalloc":1072,"realmem_start":92798976,"emalloc_start":88058816} [] []
[2026-04-17T10:34:57.208601+00:00] main.INFO: Cron Job catalog_product_frontend_actions_flush is run [] []
[2026-04-17T10:34:57.211011+00:00] main.INFO: Cron Job catalog_product_frontend_actions_flush is successfully finished. Statistics: {"sum":0.0023739337921143,"count":1,"realmem":0,"emalloc":1448,"realmem_start":92798976,"emalloc_start":89213680} [] []
[2026-04-17T10:34:57.211544+00:00] main.INFO: Cron Job submit_payment_services_order_status_sandbox_feed is run [] []
[2026-04-17T10:34:57.212347+00:00] main.INFO: Cron Job submit_payment_services_order_status_sandbox_feed is successfully finished. Statistics: {"sum":0.0007331371307373,"count":1,"realmem":0,"emalloc":1072,"realmem_start":92798976,"emalloc_start":88060216} [] []
[2026-04-17T10:34:57.220646+00:00] main.INFO: Cron Job submit_payment_services_store_production_feed is run [] []
[2026-04-17T10:34:57.221547+00:00] main.INFO: Cron Job submit_payment_services_store_production_feed is successfully finished. Statistics: {"sum":0.00083184242248535,"count":1,"realmem":0,"emalloc":1072,"realmem_start":92798976,"emalloc_start":88061728} [] []
[2026-04-17T10:34:57.228067+00:00] main.INFO: Cron Job submit_payment_services_store_sandbox_feed is run [] []
[2026-04-17T10:34:57.228961+00:00] main.INFO: Cron Job submit_payment_services_store_sandbox_feed is successfully finished. Statistics: {"sum":0.00095891952514648,"count":1,"realmem":0,"emalloc":1072,"realmem_start":92798976,"emalloc_start":88063128} [] []
[2026-04-17T10:34:57.252950+00:00] main.INFO: Cron Job sales_grid_order_async_insert is run [] []
[2026-04-17T10:34:57.253285+00:00] main.INFO: Cron Job sales_grid_order_async_insert is successfully finished. Statistics: {"sum":0.00032687187194824,"count":1,"realmem":0,"emalloc":1072,"realmem_start":92798976,"emalloc_start":89190912} [] []
[2026-04-17T10:34:57.258208+00:00] main.INFO: Cron Job sales_grid_order_invoice_async_insert is run [] []
[2026-04-17T10:34:57.258450+00:00] main.INFO: Cron Job sales_grid_order_invoice_async_insert is successfully finished. Statistics: {"sum":0.00023889541625977,"count":1,"realmem":0,"emalloc":1072,"realmem_start":92798976,"emalloc_start":89195080} [] []
[2026-04-17T10:34:57.263531+00:00] main.INFO: Cron Job sales_grid_order_shipment_async_insert is run [] []
[2026-04-17T10:34:57.263781+00:00] main.INFO: Cron Job sales_grid_order_shipment_async_insert is successfully finished. Statistics: {"sum":0.00025200843811035,"count":1,"realmem":0,"emalloc":1072,"realmem_start":92798976,"emalloc_start":89198592} [] []
[2026-04-17T10:34:57.267728+00:00] main.INFO: Cron Job sales_grid_order_creditmemo_async_insert is run [] []
[2026-04-17T10:34:57.267996+00:00] main.INFO: Cron Job sales_grid_order_creditmemo_async_insert is successfully finished. Statistics: {"sum":0.00026202201843262,"count":1,"realmem":0,"emalloc":1072,"realmem_start":92798976,"emalloc_start":89202104} [] []
[2026-04-17T10:34:57.321866+00:00] main.INFO: Cron Job sales_send_order_emails is run [] []
[2026-04-17T10:34:57.322180+00:00] main.INFO: Cron Job sales_send_order_emails is successfully finished. Statistics: {"sum":0.00031089782714844,"count":1,"realmem":0,"emalloc":1072,"realmem_start":94896128,"emalloc_start":92155928} [] []
[2026-04-17T10:34:57.335027+00:00] main.INFO: Cron Job indexer_update_all_views is successfully finished. Statistics: {"sum":0.14727210998535,"count":1,"realmem":6291456,"emalloc":7232976,"realmem_start":94896128,"emalloc_start":89910112} [] []
[2026-04-17T10:34:57.339815+00:00] main.INFO: Cron Job sales_send_order_invoice_emails is run [] []
[2026-04-17T10:34:57.340112+00:00] main.INFO: Cron Job sales_send_order_invoice_emails is successfully finished. Statistics: {"sum":0.00029110908508301,"count":1,"realmem":0,"emalloc":1072,"realmem_start":96993280,"emalloc_start":93030080} [] []
[2026-04-17T10:34:57.360819+00:00] main.INFO: Cron Job sales_send_order_shipment_emails is run [] []
[2026-04-17T10:34:57.361101+00:00] main.INFO: Cron Job sales_send_order_shipment_emails is successfully finished. Statistics: {"sum":0.0002751350402832,"count":1,"realmem":0,"emalloc":1072,"realmem_start":96993280,"emalloc_start":93769448} [] []
[2026-04-17T10:34:57.378578+00:00] main.INFO: Cron Job sales_send_order_creditmemo_emails is run [] []
[2026-04-17T10:34:57.379159+00:00] main.INFO: Cron Job sales_send_order_creditmemo_emails is successfully finished. Statistics: {"sum":0.00057888031005859,"count":1,"realmem":0,"emalloc":1072,"realmem_start":96993280,"emalloc_start":94460648} [] []
[2026-04-17T10:34:57.390715+00:00] main.INFO: Cron Job inventory_in_store_pickup_sales_send_order_notified_emails is run [] []
[2026-04-17T10:34:57.391075+00:00] main.INFO: Cron Job inventory_in_store_pickup_sales_send_order_notified_emails is successfully finished. Statistics: {"sum":0.00034213066101074,"count":1,"realmem":0,"emalloc":1072,"realmem_start":96993280,"emalloc_start":94618920} [] []
[2026-04-17T10:34:57.425838+00:00] main.INFO: Cron Job magento_newrelicreporting_cron is run [] []
[2026-04-17T10:34:57.426189+00:00] main.INFO: Cron Job magento_newrelicreporting_cron is successfully finished. Statistics: {"sum":0.00034594535827637,"count":1,"realmem":0,"emalloc":1072,"realmem_start":99090432,"emalloc_start":96884600} [] []
[2026-04-17T10:34:57.431407+00:00] main.INFO: Cron Job bulk_cleanup is run [] []
[2026-04-17T10:34:57.432639+00:00] main.INFO: Cron Job bulk_cleanup is successfully finished. Statistics: {"sum":0.0011579990386963,"count":1,"realmem":0,"emalloc":4304,"realmem_start":99090432,"emalloc_start":96892560} [] []
